run_nuclear.ts(7,73): error TS2307: Cannot find module './src/core/discovery/unified_discovery_service_v2' or its corresponding type declarations.
src/core/data/deduplicator_v2.ts(2,30): error TS2307: Cannot find module '../../company_types' or its corresponding type declarations.
src/core/data/deduplicator_v2.ts(15,42): error TS2339: Property 'cleanDomain' does not exist on type 'typeof DomainGuesser'.
src/core/data/deduplicator_v2.ts(22,42): error TS2339: Property 'cleanDomain' does not exist on type 'typeof DomainGuesser'.
src/core/discovery/deprecated/search_service.ts(3,32): error TS2307: Cannot find module '../browser/factory_v2' or its corresponding type declarations.
src/core/discovery/deprecated/search_service.ts(4,30): error TS2307: Cannot find module '../company_types' or its corresponding type declarations.
src/core/discovery/deprecated/search_service.ts(5,24): error TS2307: Cannot find module '../../utils/logger' or its corresponding type declarations.
src/core/discovery/deprecated/search_service.ts(6,36): error TS2307: Cannot find module './serp_analyzer' or its corresponding type declarations.
src/core/discovery/deprecated/search_service.ts(7,40): error TS2307: Cannot find module './ddg_analyzer' or its corresponding type declarations.
src/core/discovery/deprecated/search_service.ts(8,36): error TS2307: Cannot find module './ua_db' or its corresponding type declarations.
src/core/discovery/deprecated/search_service.ts(10,31): error TS2307: Cannot find module './content_filter' or its corresponding type declarations.
src/core/discovery/deprecated/search_service.ts(12,29): error TS2307: Cannot find module '../../utils/rate_limit' or its corresponding type declarations.
src/core/discovery/deprecated/search_service.ts(13,30): error TS2307: Cannot find module '../../utils/cache_manager' or its corresponding type declarations.
src/core/discovery/deprecated/search_service.ts(15,29): error TS2307: Cannot find module './deep_scanner' or its corresponding type declarations.
src/core/discovery/deprecated/search_service.ts(17,30): error TS2307: Cannot find module '../../utils/piva_validator' or its corresponding type declarations.
src/core/discovery/deprecated/search_service.ts(117,32): error TS7006: Parameter 'r' implicitly has an 'any' type.
src/core/discovery/deprecated/search_service.ts(135,32): error TS7006: Parameter 'r' implicitly has an 'any' type.
src/core/discovery/deprecated/unified_discovery_service_v2.ts(3,32): error TS2307: Cannot find module '../browser/factory_v2' or its corresponding type declarations.
src/core/discovery/deprecated/unified_discovery_service_v2.ts(4,30): error TS2307: Cannot find module '../company_types' or its corresponding type declarations.
src/core/discovery/deprecated/unified_discovery_service_v2.ts(5,24): error TS2307: Cannot find module '../../utils/logger' or its corresponding type declarations.
src/core/discovery/deprecated/unified_discovery_service_v2.ts(6,29): error TS2307: Cannot find module '../../utils/rate_limit' or its corresponding type declarations.
src/core/discovery/deprecated/unified_discovery_service_v2.ts(7,31): error TS2307: Cannot find module './content_filter' or its corresponding type declarations.
src/core/discovery/deprecated/unified_discovery_service_v2.ts(8,30): error TS2307: Cannot find module './hyper_guesser_v2' or its corresponding type declarations.
src/core/discovery/deprecated/unified_discovery_service_v2.ts(9,39): error TS2307: Cannot find module './italian_registry' or its corresponding type declarations.
src/core/discovery/deprecated/unified_discovery_service_v2.ts(10,36): error TS2307: Cannot find module './serp_analyzer' or its corresponding type declarations.
src/core/discovery/deprecated/unified_discovery_service_v2.ts(11,40): error TS2307: Cannot find module './ddg_analyzer' or its corresponding type declarations.
src/core/discovery/deprecated/unified_discovery_service_v2.ts(12,29): error TS2307: Cannot find module './deep_scanner' or its corresponding type declarations.
src/core/discovery/deprecated/unified_discovery_service_v2.ts(13,33): error TS2307: Cannot find module './nuclear_strategy' or its corresponding type declarations.
src/core/discovery/deprecated/unified_discovery_service_v2.ts(14,31): error TS2307: Cannot find module '../../utils/domain_guesser' or its corresponding type declarations.
src/core/discovery/deprecated/unified_discovery_service_v2.ts(331,32): error TS7006: Parameter 'r' implicitly has an 'any' type.
src/core/discovery/deprecated/unified_discovery_service_v2.ts(343,32): error TS7006: Parameter 'r' implicitly has an 'any' type.
src/core/discovery/deprecated/v4/interfaces/types.ts(1,30): error TS2307: Cannot find module '../../../company_types' or its corresponding type declarations.
src/core/discovery/deprecated/v4/providers/analysis_providers.ts(2,30): error TS2307: Cannot find module '../../../company_types' or its corresponding type declarations.
src/core/discovery/deprecated/v4/providers/analysis_providers.ts(3,32): error TS2307: Cannot find module '../../../browser/factory_v2' or its corresponding type declarations.
src/core/discovery/deprecated/v4/providers/analysis_providers.ts(4,31): error TS2307: Cannot find module '../../content_filter' or its corresponding type declarations.
src/core/discovery/deprecated/v4/providers/analysis_providers.ts(5,30): error TS2307: Cannot find module '../../llm_validator' or its corresponding type declarations.
src/core/discovery/deprecated/v4/providers/analysis_providers.ts(34,33): error TS7006: Parameter 'req' implicitly has an 'any' type.
src/core/discovery/deprecated/v4/providers/csv_persistence.ts(6,30): error TS2307: Cannot find module '../../../company_types' or its corresponding type declarations.
src/core/discovery/deprecated/v4/providers/search_providers.ts(2,32): error TS2307: Cannot find module '../../../browser/factory_v2' or its corresponding type declarations.
src/core/discovery/deprecated/v4/providers/search_providers.ts(3,36): error TS2307: Cannot find module '../../serp_analyzer' or its corresponding type declarations.
src/core/discovery/deprecated/v4/providers/search_providers.ts(4,40): error TS2307: Cannot find module '../../ddg_analyzer' or its corresponding type declarations.
src/core/discovery/deprecated/v4/unified_service_v4.ts(7,30): error TS2307: Cannot find module '../../company_types' or its corresponding type declarations.
src/core/discovery/deprecated/v4/unified_service_v4.ts(8,24): error TS2307: Cannot find module '../../../utils/logger' or its corresponding type declarations.
src/core/discovery/deprecated/v4/unified_service_v4.ts(9,29): error TS2307: Cannot find module '../../../utils/rate_limit' or its corresponding type declarations.
src/core/discovery/deprecated/v4/unified_service_v4.ts(10,30): error TS2307: Cannot find module '../hyper_guesser_v2' or its corresponding type declarations.
src/core/discovery/deprecated/v4/unified_service_v4.ts(11,39): error TS2307: Cannot find module '../italian_registry' or its corresponding type declarations.
src/legacy/unified_discovery_service_v3_archived.ts(3,32): error TS2307: Cannot find module '../browser/factory_v2' or its corresponding type declarations.
src/legacy/unified_discovery_service_v3_archived.ts(4,30): error TS2307: Cannot find module '../company_types' or its corresponding type declarations.
src/legacy/unified_discovery_service_v3_archived.ts(5,24): error TS2307: Cannot find module '../../utils/logger' or its corresponding type declarations.
src/legacy/unified_discovery_service_v3_archived.ts(6,29): error TS2307: Cannot find module '../../utils/rate_limit' or its corresponding type declarations.
src/legacy/unified_discovery_service_v3_archived.ts(7,31): error TS2307: Cannot find module './content_filter' or its corresponding type declarations.
src/legacy/unified_discovery_service_v3_archived.ts(8,30): error TS2307: Cannot find module './hyper_guesser_v2' or its corresponding type declarations.
src/legacy/unified_discovery_service_v3_archived.ts(9,39): error TS2307: Cannot find module './italian_registry' or its corresponding type declarations.
src/legacy/unified_discovery_service_v3_archived.ts(10,36): error TS2307: Cannot find module './serp_analyzer' or its corresponding type declarations.
src/legacy/unified_discovery_service_v3_archived.ts(11,40): error TS2307: Cannot find module './ddg_analyzer' or its corresponding type declarations.
src/legacy/unified_discovery_service_v3_archived.ts(12,29): error TS2307: Cannot find module './deep_scanner' or its corresponding type declarations.
src/legacy/unified_discovery_service_v3_archived.ts(13,33): error TS2307: Cannot find module './nuclear_strategy' or its corresponding type declarations.
src/legacy/unified_discovery_service_v3_archived.ts(14,31): error TS2307: Cannot find module '../../utils/domain_guesser' or its corresponding type declarations.
src/legacy/unified_discovery_service_v3_archived.ts(15,30): error TS2307: Cannot find module './llm_validator' or its corresponding type declarations.
src/legacy/unified_discovery_service_v3_archived.ts(346,33): error TS7006: Parameter 'req' implicitly has an 'any' type.
